{"name": "Dry-run for the failed test case", "status": "failed", "statusDetails": {"message": "AssertionError: assert True == False", "trace": "@allure.title(\"Dry-run for the failed test case\")\n    @allure.description(\"TC#2 - Dry-run for the failed test case\")\n    def test_sample_fail():\n        print(\"test_sample_fail\")\n>       assert True == False\nE       assert True == False\n\nsrc\\test\\tests\\sample\\test_sample.py:16: AssertionError"}, "description": "TC#2 - Dry-run for the failed test case", "attachments": [{"name": "stdout", "source": "01aece70-0b88-41c4-857e-0c7a6ee07d2e-attachment.txt", "type": "text/plain"}], "start": 1768842772586, "stop": 1768842772587, "uuid": "010a6c02-8853-4167-b0a0-ec43992fb367", "historyId": "03f1ff556c8c2a2ff3e8d09e827bfa3a", "testCaseId": "03f1ff556c8c2a2ff3e8d09e827bfa3a", "fullName": "src.test.tests.sample.test_sample#test_sample_fail", "labels": [{"name": "parentSuite", "value": "src.test.tests.sample"}, {"name": "suite", "value": "test_sample"}, {"name": "host", "value": "SYNTHESIS"}, {"name": "thread", "value": "16616-MainThread"}, {"name": "framework", "value": "pytest"}, {"name": "language", "value": "cpython3"}, {"name": "package", "value": "src.test.tests.sample.test_sample"}], "titlePath": ["src", "test", "tests", "sample", "test_sample.py"]}