{"name": "test_vwo_login_positive", "status": "broken", "statusDetails": {"message": "selenium.common.exceptions.TimeoutException: Message: \nStacktrace:\nSymbols not available. Dumping unresolved backtrace:\n\t0x7ff61a765715\n\t0x7ff61a765770\n\t0x7ff61a51108d\n\t0x7ff61a56c3be\n\t0x7ff61a56c6cc\n\t0x7ff61a5bd2f7\n\t0x7ff61a5b9e45\n\t0x7ff61a55cc28\n\t0x7ff61a55db33\n\t0x7ff61aa4e9f0\n\t0x7ff61aa48ded\n\t0x7ff61aa6969a\n\t0x7ff61a7811e5\n\t0x7ff61a7899cc\n\t0x7ff61a76ebf4\n\t0x7ff61a76eda6\n\t0x7ff61a754e87\n\t0x7ff924ebe8d7\n\t0x7ff92580c53c", "trace": "setup = <selenium.webdriver.chrome.webdriver.WebDriver (session=\"dbfc4fc1b48661a66307ca2b7183c99e\")>\n\n    @allure.epic(\"VWO Login Test\")\n    @allure.feature(\"TC#1 - VWO App Positive Test\")\n    @pytest.mark.positive\n    def test_vwo_login_positive(setup):\n        driver = setup\n    \n        login_page = LoginPage(driver=driver)\n        login_page.login_to_vwo(\n            usr=os.getenv(\"USERNAME\"),\n            pwd=os.getenv(\"PASSWORD\")\n        )\n    \n        dashboard_page = DashboardPage(driver=driver)\n>       user_name = dashboard_page.user_logged_in_text()\n                    ^^^^^^^^^^^^^^^^^^^^^^^^^^^^^^^^^^^^\n\nsrc\\test\\tests\\vwoLogin\\test_vwo_login.py:57: \n_ _ _ _ _ _ _ _ _ _ _ _ _ _ _ _ _ _ _ _ _ _ _ _ _ _ _ _ _ _ _ _ _ _ _ _ _ _ _ _ _ _ _ _ _ _ _ _ _ _ _ _ _ _ _ _ _ _ _ _ _ _ _ _ _ _ _ _ _ _ _ _ _ _ _ _ _ _ _ _ _ _ _ _ _ _ _ _ _ _ _ _ _ _ _ _ _ _ _ _ _ _ _ _ _ _ _ _ _ _ _ _ _ _\nsrc\\test\\pageObjets\\POM\\vwo\\dashboardPage.py:23: in user_logged_in_text\n    webdriver_wait(driver=self.driver, element_tuple=self.user_logged_in, timeout=15)\nsrc\\test\\utils\\commom_utils.py:13: in webdriver_wait\n    WebDriverWait(driver=driver, timeout=timeout).until(\n_ _ _ _ _ _ _ _ _ _ _ _ _ _ _ _ _ _ _ _ _ _ _ _ _ _ _ _ _ _ _ _ _ _ _ _ _ _ _ _ _ _ _ _ _ _ _ _ _ _ _ _ _ _ _ _ _ _ _ _ _ _ _ _ _ _ _ _ _ _ _ _ _ _ _ _ _ _ _ _ _ _ _ _ _ _ _ _ _ _ _ _ _ _ _ _ _ _ _ _ _ _ _ _ _ _ _ _ _ _ _ _ _ _\n\nself = <selenium.webdriver.support.wait.WebDriverWait (session=\"dbfc4fc1b48661a66307ca2b7183c99e\")>, method = <function visibility_of_element_located.<locals>._predicate at 0x00000193A983E4B0>, message = ''\n\n    def until(self, method: Callable[[D], Literal[False] | T], message: str = \"\") -> T:\n        \"\"\"Wait until the method returns a value that is not False.\n    \n        Calls the method provided with the driver as an argument until the\n        return value does not evaluate to ``False``.\n    \n        Args:\n            method: A callable object that takes a WebDriver instance as an\n                argument.\n            message: Optional message for TimeoutException.\n    \n        Returns:\n            The result of the last call to `method`.\n    \n        Raises:\n            TimeoutException: If 'method' does not return a truthy value within\n                the WebDriverWait object's timeout.\n    \n        Example:\n            >>> from selenium.webdriver.common.by import By\n            >>> from selenium.webdriver.support.ui import WebDriverWait\n            >>> from selenium.webdriver.support import expected_conditions as EC\n            >>>\n            >>> # Wait until an element is visible on the page\n            >>> wait = WebDriverWait(driver, 10)\n            >>> element = wait.until(EC.visibility_of_element_located((By.ID, \"exampleId\")))\n            >>> print(element.text)\n        \"\"\"\n        screen = None\n        stacktrace = None\n    \n        end_time = time.monotonic() + self._timeout\n        while True:\n            try:\n                value = method(self._driver)\n                if value:\n                    return value\n            except self._ignored_exceptions as exc:\n                screen = getattr(exc, \"screen\", None)\n                stacktrace = getattr(exc, \"stacktrace\", None)\n            if time.monotonic() > end_time:\n                break\n            time.sleep(self._poll)\n>       raise TimeoutException(message, screen, stacktrace)\nE       selenium.common.exceptions.TimeoutException: Message: \nE       Stacktrace:\nE       Symbols not available. Dumping unresolved backtrace:\nE       \t0x7ff61a765715\nE       \t0x7ff61a765770\nE       \t0x7ff61a51108d\nE       \t0x7ff61a56c3be\nE       \t0x7ff61a56c6cc\nE       \t0x7ff61a5bd2f7\nE       \t0x7ff61a5b9e45\nE       \t0x7ff61a55cc28\nE       \t0x7ff61a55db33\nE       \t0x7ff61aa4e9f0\nE       \t0x7ff61aa48ded\nE       \t0x7ff61aa6969a\nE       \t0x7ff61a7811e5\nE       \t0x7ff61a7899cc\nE       \t0x7ff61a76ebf4\nE       \t0x7ff61a76eda6\nE       \t0x7ff61a754e87\nE       \t0x7ff924ebe8d7\nE       \t0x7ff92580c53c\n\n.venv\\Lib\\site-packages\\selenium\\webdriver\\support\\wait.py:121: TimeoutException"}, "attachments": [{"name": "stdout", "source": "c6895c26-8897-4909-954a-a256d5b66141-attachment.txt", "type": "text/plain"}], "start": 1769008542458, "stop": 1769008567164, "uuid": "0b4ac7a1-3925-4f06-a10a-a507e93ba08f", "historyId": "0672f714d2f6b29b59677a378d06b8fe", "testCaseId": "0672f714d2f6b29b59677a378d06b8fe", "fullName": "src.test.tests.vwoLogin.test_vwo_login#test_vwo_login_positive", "labels": [{"name": "feature", "value": "TC#1 - VWO App Positive Test"}, {"name": "epic", "value": "VWO Login Test"}, {"name": "tag", "value": "positive"}, {"name": "parentSuite", "value": "src.test.tests.vwoLogin"}, {"name": "suite", "value": "test_vwo_login"}, {"name": "host", "value": "SYNTHESIS"}, {"name": "thread", "value": "5196-MainThread"}, {"name": "framework", "value": "pytest"}, {"name": "language", "value": "cpython3"}, {"name": "package", "value": "src.test.tests.vwoLogin.test_vwo_login"}], "titlePath": ["src", "test", "tests", "vwoLogin", "test_vwo_login.py"]}